0 info it worked if it ends with ok
1 verbose cli [ 'C:\\Program Files\\nodejs\\node.exe',
1 verbose cli   'C:\\Users\\Ingenium BPO Inc\\AppData\\Roaming\\npm\\node_modules\\npm\\bin\\npm-cli.js',
1 verbose cli   'run',
1 verbose cli   'serve' ]
2 info using npm@6.1.0
3 info using node@v8.11.3
4 verbose run-script [ 'preserve', 'serve', 'postserve' ]
5 info lifecycle test@0.1.0~preserve: test@0.1.0
6 info lifecycle test@0.1.0~serve: test@0.1.0
7 verbose lifecycle test@0.1.0~serve: unsafe-perm in lifecycle true
8 verbose lifecycle test@0.1.0~serve: PATH: C:\Users\Ingenium BPO Inc\AppData\Roaming\npm\node_modules\npm\node_modules\npm-lifecycle\node-gyp-bin;C:\Projects\b2b\merchant\node_modules\.bin;C:\Users\Ingenium BPO Inc\bin;C:\Program Files\Git\mingw64\bin;C:\Program Files\Git\usr\local\bin;C:\Program Files\Git\usr\bin;C:\Program Files\Git\usr\bin;C:\Program Files\Git\mingw64\bin;C:\Program Files\Git\usr\bin;C:\Users\Ingenium BPO Inc\bin;C:\Program Files (x86)\Intel\iCLS Client;C:\Program Files\Intel\iCLS Client;C:\Windows\system32;C:\Windows;C:\Windows\System32\Wbem;C:\Windows\System32\WindowsPowerShell\v1.0;C:\Program Files (x86)\NVIDIA Corporation\PhysX\Common;C:\Program Files (x86)\Intel\Intel(R) Management Engine Components\DAL;C:\Program Files\Intel\Intel(R) Management Engine Components\DAL;C:\Program Files (x86)\Intel\Intel(R) Management Engine Components\IPT;C:\Program Files\Intel\Intel(R) Management Engine Components\IPT;C:\Program Files\Git\cmd;C:\HashiCorp\Vagrant\bin;C:\xampp\php;C:\composer;C:\Program Files\TortoiseSVN\bin;C:\Program Files\nodejs;C:\Program Files (x86)\Windows Kits\8.1\Windows Performance Toolkit;C:\Program Files\PuTTY;C:\WINDOWS\system32;C:\WINDOWS;C:\WINDOWS\System32\Wbem;C:\WINDOWS\System32\WindowsPowerShell\v1.0;C:\WINDOWS\System32\OpenSSH;C:\Program Files (x86)\Gow\bin;C:\Users\Ingenium BPO Inc\AppData\Local\Microsoft\WindowsApps;C:\Users\Ingenium BPO Inc\AppData\Roaming\Composer\vendor\bin;C:\Users\Ingenium BPO Inc\AppData\Roaming\npm;C:\Program Files\Docker Toolbox;C:\Gradle\bin;C:\Users\ngenium BPO Inc\AppData\Local\Android\Sdk\platform-tools;C:\Users\ngenium BPO Inc\AppData\Local\Android\Sdk\tools;C:\Program Files\Git\usr\bin\vendor_perl;C:\Program Files\Git\usr\bin\core_perl
9 verbose lifecycle test@0.1.0~serve: CWD: C:\Projects\b2b\merchant
10 silly lifecycle test@0.1.0~serve: Args: [ '/d /s /c', 'vue-cli-service serve' ]
11 silly lifecycle test@0.1.0~serve: Returned: code: 1  signal: null
12 info lifecycle test@0.1.0~serve: Failed to exec serve script
13 verbose stack Error: test@0.1.0 serve: `vue-cli-service serve`
13 verbose stack Exit status 1
13 verbose stack     at EventEmitter.<anonymous> (C:\Users\Ingenium BPO Inc\AppData\Roaming\npm\node_modules\npm\node_modules\npm-lifecycle\index.js:304:16)
13 verbose stack     at emitTwo (events.js:126:13)
13 verbose stack     at EventEmitter.emit (events.js:214:7)
13 verbose stack     at ChildProcess.<anonymous> (C:\Users\Ingenium BPO Inc\AppData\Roaming\npm\node_modules\npm\node_modules\npm-lifecycle\lib\spawn.js:55:14)
13 verbose stack     at emitTwo (events.js:126:13)
13 verbose stack     at ChildProcess.emit (events.js:214:7)
13 verbose stack     at maybeClose (internal/child_process.js:925:16)
13 verbose stack     at Process.ChildProcess._handle.onexit (internal/child_process.js:209:5)
14 verbose pkgid test@0.1.0
15 verbose cwd C:\Projects\b2b\merchant
16 verbose Windows_NT 10.0.18362
17 verbose argv "C:\\Program Files\\nodejs\\node.exe" "C:\\Users\\Ingenium BPO Inc\\AppData\\Roaming\\npm\\node_modules\\npm\\bin\\npm-cli.js" "run" "serve"
18 verbose node v8.11.3
19 verbose npm  v6.1.0
20 error code ELIFECYCLE
21 error errno 1
22 error test@0.1.0 serve: `vue-cli-service serve`
22 error Exit status 1
23 error Failed at the test@0.1.0 serve script.
23 error This is probably not a problem with npm. There is likely additional logging output above.
24 verbose exit [ 1, true ]
